2020/07/28 23:55:32 {"callers":["/Users/guibin/repository/project/src/go-programming-tour-book/blog-service/main.go: 31 main.init.0"],"level":"info","message":"[eddycjy blog-service]: hello/%!s(MISSING)","time":1595951732706695000}
2020/07/28 23:58:38 {"callers":["/Users/guibin/repository/project/src/go-programming-tour-book/blog-service/main.go: 31 main.init.0"],"level":"info","message":"[eddycjy blog-service]: hello/%!s(MISSING)","time":1595951918079469000}
2020/07/29 00:05:11 {"callers":["/Users/guibin/repository/project/src/go-programming-tour-book/blog-service/main.go: 31 main.init.0"],"level":"info","message":"[eddycjy blog-service]: go-programming-tour-book/%!s(MISSING)","time":1595952311891879000}
2020/07/29 00:08:51 {"callers":["/Users/guibin/repository/project/src/go-programming-tour-book/blog-service/main.go: 33 main.init.0"],"level":"info","message":"[eddycjy blog-service]: go-programming-tour-book/%!s(MISSING)","time":1595952531007430000}
2020/07/29 00:08:57 {"callers":["/Users/guibin/repository/project/src/go-programming-tour-book/blog-service/main.go: 33 main.init.0"],"level":"info","message":"[eddycjy blog-service]: go-programming-tour-book/%!s(MISSING)","time":1595952537825819000}
2020/07/29 00:09:09 {"callers":["/Users/guibin/repository/project/src/go-programming-tour-book/blog-service/main.go: 33 main.init.0"],"level":"info","message":"[eddycjy blog-service]: go-programming-tour-book/%!s(MISSING)","time":1595952549012992000}
2020/07/29 00:09:14 {"callers":["/Users/guibin/repository/project/src/go-programming-tour-book/blog-service/main.go: 33 main.init.0"],"level":"info","message":"[eddycjy blog-service]: go-programming-tour-book/%!s(MISSING)","time":1595952554669519000}
2020/07/29 00:10:36 {"callers":["/Users/guibin/repository/project/src/go-programming-tour-book/blog-service/main.go: 31 main.init.0"],"level":"info","message":"[eddycjy blog-service]: go-programming-tour-book/%!s(MISSING)","time":1595952636841211000}
2020/07/29 00:11:19 {"callers":["/Users/guibin/repository/project/src/go-programming-tour-book/blog-service/main.go: 31 main.init.0"],"level":"info","message":"[eddycjy blog-service]: go-programming-tour-book/%!s(MISSING)","time":1595952679182765000}
2020/07/29 00:12:23 {"callers":["/Users/guibin/repository/project/src/go-programming-tour-book/blog-service/main.go: 31 main.init.0"],"level":"info","message":"eddycjy: go-programming-tour-book/blog-service","time":1595952743480096000}
2020/07/29 21:25:20 {"callers":["/Users/guibin/repository/project/src/go-programming-tour-book/blog-service/main.go: 31 main.init.0"],"level":"info","message":"eddycjy: go-programming-tour-book/blog-service","time":1596029120506003000}
2020/07/29 21:29:02 {"callers":["/Users/guibin/repository/project/src/go-programming-tour-book/blog-service/main.go: 31 main.init.0"],"level":"info","message":"eddycjy: go-programming-tour-book/blog-service","time":1596029342677874000}
2020/07/29 21:44:59 {"callers":["/Users/guibin/repository/project/src/go-programming-tour-book/blog-service/main.go: 31 main.init.0"],"level":"info","message":"eddycjy: go-programming-tour-book/blog-service","time":1596030299694768000}
2020/07/29 21:45:59 {"callers":["/Users/guibin/repository/project/src/go-programming-tour-book/blog-service/main.go: 31 main.init.0"],"level":"info","message":"eddycjy: go-programming-tour-book/blog-service","time":1596030359875930000}
2020/07/29 21:48:41 {"callers":["/Users/guibin/repository/project/src/go-programming-tour-book/blog-service/main.go: 31 main.init.0"],"level":"info","message":"eddycjy: go-programming-tour-book/blog-service","time":1596030521375672000}
2020/07/29 21:49:13 {"callers":["/Users/guibin/repository/project/src/go-programming-tour-book/blog-service/main.go: 31 main.init.0"],"level":"info","message":"eddycjy: go-programming-tour-book/blog-service","time":1596030553646811000}
2020/07/29 21:53:52 {"callers":["/Users/guibin/repository/project/src/go-programming-tour-book/blog-service/main.go: 31 main.init.0"],"level":"info","message":"eddycjy: go-programming-tour-book/blog-service","time":1596030832251503000}
2020/07/29 21:56:18 {"callers":["/Users/guibin/repository/project/src/go-programming-tour-book/blog-service/main.go: 31 main.init.0"],"level":"info","message":"eddycjy: go-programming-tour-book/blog-service","time":1596030978638693000}
2020/08/05 21:13:16 {"callers":["/Users/guibin/repository/project/src/go-programming-tour-book/blog-service/main.go: 31 main.init.0"],"level":"info","message":"eddycjy: go-programming-tour-book/blog-service","time":1596633196381648000}
2020/08/05 21:13:38 {"callers":["/Users/guibin/repository/project/src/go-programming-tour-book/blog-service/main.go: 31 main.init.0"],"level":"info","message":"eddycjy: go-programming-tour-book/blog-service","time":1596633218587964000}
2020/08/05 21:15:12 {"callers":["/Users/guibin/repository/project/src/go-programming-tour-book/blog-service/main.go: 31 main.init.0"],"level":"error","message":"app.BindAndValid errs: State必须是[0 1]中的一个","time":1596633312064745000}
2020/08/05 21:16:07 {"callers":["/Users/guibin/repository/project/src/go-programming-tour-book/blog-service/main.go: 31 main.init.0"],"level":"error","message":"app.BindAndValid errs: State必须是[0 1]中的一个","time":1596633367848674000}
2020/08/05 21:16:08 {"callers":["/Users/guibin/repository/project/src/go-programming-tour-book/blog-service/main.go: 31 main.init.0"],"level":"error","message":"app.BindAndValid errs: State必须是[0 1]中的一个","time":1596633368970703000}
2020/08/06 21:50:59 {"callers":["/Users/guibin/repository/project/src/go-programming-tour-book/blog-service/main.go: 31 main.init.0"],"level":"info","message":"eddycjy: go-programming-tour-book/blog-service","time":1596721859691905000}
2020/08/16 10:36:56 {"callers":["/Users/guibin/repository/project/src/go-programming-tour-book/blog-service/main.go: 31 main.init.0"],"level":"info","message":"eddycjy: go-programming-tour-book/blog-service","time":1597545416537706000}
2020/08/16 10:37:04 {"callers":["/Users/guibin/repository/project/src/go-programming-tour-book/blog-service/main.go: 31 main.init.0"],"level":"info","message":"eddycjy: go-programming-tour-book/blog-service","time":1597545424416378000}
2020/08/16 10:45:31 {"callers":["/Users/guibin/repository/project/src/go-programming-tour-book/blog-service/main.go: 31 main.init.0"],"level":"info","message":"eddycjy: go-programming-tour-book/blog-service","time":1597545931725205000}
2020/08/16 10:45:56 {"callers":["/Users/guibin/repository/project/src/go-programming-tour-book/blog-service/main.go: 31 main.init.0"],"level":"info","message":"eddycjy: go-programming-tour-book/blog-service","time":1597545956292899000}
2020/08/16 10:47:57 {"callers":["/Users/guibin/repository/project/src/go-programming-tour-book/blog-service/main.go: 31 main.init.0"],"level":"error","message":"svc.GetArticleList err: sql: Scan error on column index 5, name \"tag_id\": converting NULL to uint32 is unsupported","time":1597546077539074000}
2020/08/16 10:54:18 {"callers":["/Users/guibin/repository/project/src/go-programming-tour-book/blog-service/main.go: 31 main.init.0"],"level":"info","message":"eddycjy: go-programming-tour-book/blog-service","time":1597546458793208000}
2020/08/16 10:54:23 {"callers":["/Users/guibin/repository/project/src/go-programming-tour-book/blog-service/main.go: 31 main.init.0"],"level":"error","message":"svc.GetArticleList err: Error 1054: Unknown column 'at.name' in 'field list'","time":1597546463897104000}
2020/08/16 11:00:24 {"callers":["/Users/guibin/repository/project/src/go-programming-tour-book/blog-service/main.go: 31 main.init.0"],"level":"error","message":"svc.GetArticleList err: Error 1054: Unknown column 'at.name' in 'field list'","time":1597546824257952000}
2020/08/16 11:01:07 {"callers":["/Users/guibin/repository/project/src/go-programming-tour-book/blog-service/main.go: 31 main.init.0"],"level":"info","message":"eddycjy: go-programming-tour-book/blog-service","time":1597546867709758000}
2020/08/16 11:02:46 {"callers":["/Users/guibin/repository/project/src/go-programming-tour-book/blog-service/main.go: 31 main.init.0"],"level":"info","message":"eddycjy: go-programming-tour-book/blog-service","time":1597546966951409000}
2020/09/27 23:46:40 {"callers":["/Users/guibin/repository/project/src/go-programming-tour-book/blog-service/main.go: 31 main.init.0"],"level":"info","message":"eddycjy: go-programming-tour-book/blog-service","time":1601221600292455000}
2020/09/27 23:46:50 {"callers":["/Users/guibin/repository/project/src/go-programming-tour-book/blog-service/main.go: 31 main.init.0"],"level":"info","message":"eddycjy: go-programming-tour-book/blog-service","time":1601221610179387000}
2020/09/27 23:47:06 {"callers":["/Users/guibin/repository/project/src/go-programming-tour-book/blog-service/main.go: 31 main.init.0"],"level":"info","message":"eddycjy: go-programming-tour-book/blog-service","time":1601221626583830000}
2020/09/27 23:55:24 {"callers":["/Users/guibin/repository/project/src/go-programming-tour-book/blog-service/main.go: 31 main.init.0"],"level":"info","message":"eddycjy: go-programming-tour-book/blog-service","time":1601222124728153000}
2020/10/04 15:20:11 {"callers":["/Users/guibin/repository/project/src/go-programming-tour-book/blog-service/main.go: 33 main.init.0"],"level":"info","message":"eddycjy: go-programming-tour-book/blog-service","time":1601796011717690000}
